[    3793ms] [LOG] 
%cStop! font-family:helvetica; font-size:20px; font-size:50px; font-weight:bold; color:red; -webkit-text-stroke:1px black; @ https://static.cdninstagram.com/rsrc.php/v4/yZ/r/QBbo_GHLV1U.js:246
[    3793ms] [LOG] 
%cThis is a browser feature intended for developers. If someone told you to copy-paste something here to enable a Threads feature or "hack" someone's account, it is a scam and will give them access to your Threads account. font-family:helvetica; font-size:20px;  @ https://static.cdninstagram.com/rsrc.php/v4/yZ/r/QBbo_GHLV1U.js:246
[    3793ms] [LOG] 
%cSee https://www.facebook.com/selfxss for more information. font-family:helvetica; font-size:20px;  @ https://static.cdninstagram.com/rsrc.php/v4/yZ/r/QBbo_GHLV1U.js:246
[    3793ms] [LOG] 
%c  @ https://static.cdninstagram.com/rsrc.php/v4/yZ/r/QBbo_GHLV1U.js:246
[    5881ms] [INFO] Banner not shown: beforeinstallpromptevent.preventDefault() called. The page must call beforeinstallpromptevent.prompt() to show the banner. @ https://www.instagram.com/threads/sso/?waterfall_id=1cb079a5-3c93-45df-90dc-12f098d31da5:0
[    5882ms] [LOG] 
%cStop! font-family:helvetica; font-size:20px; font-size:50px; font-weight:bold; color:red; -webkit-text-stroke:1px black; @ https://static.cdninstagram.com/rsrc.php/v4/yZ/r/QBbo_GHLV1U.js:246
[    5882ms] [LOG] 
%cThis is a browser feature intended for developers. If someone told you to copy-paste something here to enable an Instagram feature or "hack" someone's account, it is a scam and will give them access to your Instagram account. font-family:helvetica; font-size:20px;  @ https://static.cdninstagram.com/rsrc.php/v4/yZ/r/QBbo_GHLV1U.js:246
[    5882ms] [LOG] 
%cSee https://www.facebook.com/selfxss for more information. font-family:helvetica; font-size:20px;  @ https://static.cdninstagram.com/rsrc.php/v4/yZ/r/QBbo_GHLV1U.js:246
[    5882ms] [LOG] 
%c  @ https://static.cdninstagram.com/rsrc.php/v4/yZ/r/QBbo_GHLV1U.js:246
[    6748ms] [VERBOSE] [DOM] Input elements should have autocomplete attributes (suggested: "current-password"): (More info: https://goo.gl/9p2vKq) %o @ https://www.instagram.com/accounts/login/?force_authentication&platform_app_id=1289884158313322&enable_fb_login&request_id=4fc5f710-1454-4ece-a887-68a779330c65&next=https%3A%2F%2Fwww.instagram.com%2Foauth%2Foidc%2F%3Fapp_id%3D1289884158313322%26redirect_uri%3Dhttps%253A%252F%252Fwww.threads.com%252Flogin%252Foidc%252F%26response_type%3Dcode%26scope%3Dopenid%26state%3DAToHa9x5Em2cFV2BB8MVTtps-mJYicfMCVUQvxlQIA0yvm_mLFsN7PIuK4zYYd5mJTgtHJy-757DKBu6B5F92LvUliRGAapAYryrlbVeZC4MtLZyaiS-O7JyTKTGQElDutr5gu5RIL5mSF3W-pHGA5Cn48Cio0tBPM_UNUxJ3iaFyVcaDT7X842Wa4DMLHkQhFTLnBXDBiJ2pGzEarY4imHgOQQnFpcDqd9fC8ZdvD5eGrrFthITBOJGr4MN76ZHPnZ_nT1N%26logger_id%3D4fc5f710-1454-4ece-a887-68a779330c65%26force_consent%3D0%26force_authentication%3D0:0
[    6754ms] [LOG] 
%cStop! font-family:helvetica; font-size:20px; font-size:50px; font-weight:bold; color:red; -webkit-text-stroke:1px black; @ https://static.cdninstagram.com/rsrc.php/v4/yZ/r/QBbo_GHLV1U.js:246
[    6754ms] [LOG] 
%cThis is a browser feature intended for developers. If someone told you to copy-paste something here to enable an Instagram feature or "hack" someone's account, it is a scam and will give them access to your Instagram account. font-family:helvetica; font-size:20px;  @ https://static.cdninstagram.com/rsrc.php/v4/yZ/r/QBbo_GHLV1U.js:246
[    6754ms] [LOG] 
%cSee https://www.facebook.com/selfxss for more information. font-family:helvetica; font-size:20px;  @ https://static.cdninstagram.com/rsrc.php/v4/yZ/r/QBbo_GHLV1U.js:246
[    6754ms] [LOG] 
%c  @ https://static.cdninstagram.com/rsrc.php/v4/yZ/r/QBbo_GHLV1U.js:246
[    6849ms] [INFO] Banner not shown: beforeinstallpromptevent.preventDefault() called. The page must call beforeinstallpromptevent.prompt() to show the banner. @ https://www.instagram.com/accounts/login/?force_authentication&platform_app_id=1289884158313322&enable_fb_login&request_id=4fc5f710-1454-4ece-a887-68a779330c65&next=https%3A%2F%2Fwww.instagram.com%2Foauth%2Foidc%2F%3Fapp_id%3D1289884158313322%26redirect_uri%3Dhttps%253A%252F%252Fwww.threads.com%252Flogin%252Foidc%252F%26response_type%3Dcode%26scope%3Dopenid%26state%3DAToHa9x5Em2cFV2BB8MVTtps-mJYicfMCVUQvxlQIA0yvm_mLFsN7PIuK4zYYd5mJTgtHJy-757DKBu6B5F92LvUliRGAapAYryrlbVeZC4MtLZyaiS-O7JyTKTGQElDutr5gu5RIL5mSF3W-pHGA5Cn48Cio0tBPM_UNUxJ3iaFyVcaDT7X842Wa4DMLHkQhFTLnBXDBiJ2pGzEarY4imHgOQQnFpcDqd9fC8ZdvD5eGrrFthITBOJGr4MN76ZHPnZ_nT1N%26logger_id%3D4fc5f710-1454-4ece-a887-68a779330c65%26force_consent%3D0%26force_authentication%3D0:0
[   35660ms] [ERROR] ErrorUtils caught an error:

signal is aborted without reason [Caught in: Passkey authentication failed]

Subsequent non-fatal errors won't be logged; see https://fburl.com/debugjs. {column: 2854, clientTime: 1784512628, extra: Object, guardList: Array(0), hash: krjz3c} @ https://static.cdninstagram.com/rsrc.php/v4/yZ/r/QBbo_GHLV1U.js:79
[   35956ms] [WARNING] Canvas2D: Multiple readback operations using getImageData are faster with the willReadFrequently attribute set to true. See: https://html.spec.whatwg.org/multipage/canvas.html#concept-canvas-will-read-frequently @ https://static.cdninstagram.com/rsrc.php/v4iy_M4/y0/l/en_US/p7EBZ5IclNJLEWh8m4BT3H0dD9gEEs2XTkQf2AXugvHyiLX4PZxqJ0eiFGHh9ozlMIfT2xLB5R_8joB3V5VxKaZofO5jYz45T_3vozDzTmGAfJYCPfv43i0iwa7eSNpDNxgKcmMZ-z9V1-jE9ZqzBbTbYPJJDchOYIvRE1tYh3omlNxBKN3FCGXPd_I.js:86
[   94304ms] [LOG] 
%cStop! font-family:helvetica; font-size:20px; font-size:50px; font-weight:bold; color:red; -webkit-text-stroke:1px black; @ https://static.cdninstagram.com/rsrc.php/v4/yZ/r/QBbo_GHLV1U.js:246
[   94304ms] [LOG] 
%cThis is a browser feature intended for developers. If someone told you to copy-paste something here to enable a Threads feature or "hack" someone's account, it is a scam and will give them access to your Threads account. font-family:helvetica; font-size:20px;  @ https://static.cdninstagram.com/rsrc.php/v4/yZ/r/QBbo_GHLV1U.js:246
[   94304ms] [LOG] 
%cSee https://www.facebook.com/selfxss for more information. font-family:helvetica; font-size:20px;  @ https://static.cdninstagram.com/rsrc.php/v4/yZ/r/QBbo_GHLV1U.js:246
[   94304ms] [LOG] 
%c  @ https://static.cdninstagram.com/rsrc.php/v4/yZ/r/QBbo_GHLV1U.js:246
